Processing video at 25 FPS... source=video source=D:\programming main\python\AI-Based Smart Traffic Monitoring and Violation Detection System\videos\input\Road traffic video for object recognition.mp4
Vehicle counted: car (ID: 3) - Total: 1
Illegal Parking: ID 2 saved to None
Vehicle counted: car (ID: 10) - Total: 2
Illegal Parking: ID 2 saved to None
Illegal Parking: ID 2 saved to None
Illegal Parking: ID 2 saved to None
Illegal Parking: ID 2 saved to None
Illegal Parking: ID 2 saved to None
Illegal Parking: ID 2 saved to None
Illegal Parking: ID 2 saved to None
Illegal Parking: ID 2 saved to None
Illegal Parking: ID 2 saved to None
Illegal Parking: ID 2 saved to None
Illegal Parking: ID 10 saved to None
Illegal Parking: ID 2 saved to None
Illegal Parking: ID 10 saved to None
Illegal Parking: ID 10 saved to None
Vehicle counted: bus (ID: 6) - Total: 3
Vehicle counted: car (ID: 38) - Total: 4
Illegal Parking: ID 22 saved to None
Illegal Parking: ID 22 saved to None
Illegal Parking: ID 22 saved to None
Illegal Parking: ID 7 saved to None
Illegal Parking: ID 22 saved to None
Illegal Parking: ID 7 saved to None
Illegal Parking: ID 22 saved to None
Illegal Parking: ID 7 saved to None
Illegal Parking: ID 22 saved to None
Illegal Parking: ID 7 saved to None
Illegal Parking: ID 22 saved to None
Illegal Parking: ID 7 saved to None
Illegal Parking: ID 22 saved to None
Illegal Parking: ID 7 saved to None
Illegal Parking: ID 22 saved to None
Illegal Parking: ID 7 saved to None
Illegal Parking: ID 22 saved to None
Illegal Parking: ID 7 saved to None
Illegal Parking: ID 22 saved to None
Illegal Parking: ID 7 saved to None
Illegal Parking: ID 22 saved to None
Illegal Parking: ID 7 saved to None
Illegal Parking: ID 22 saved to None
Illegal Parking: ID 7 saved to None
Illegal Parking: ID 22 saved to None
Illegal Parking: ID 7 saved to None
Illegal Parking: ID 22 saved to None
Illegal Parking: ID 22 saved to None
Illegal Parking: ID 22 saved to None
Illegal Parking: ID 22 saved to None
Illegal Parking: ID 22 saved to None
Illegal Parking: ID 22 saved to None
Illegal Parking: ID 22 saved to None
Illegal Parking: ID 22 saved to None
Illegal Parking: ID 22 saved to None
Illegal Parking: ID 22 saved to None
Illegal Parking: ID 22 saved to None
Illegal Parking: ID 22 saved to None
Illegal Parking: ID 22 saved to None
Illegal Parking: ID 22 saved to None
Illegal Parking: ID 22 saved to None
Illegal Parking: ID 22 saved to None
Illegal Parking: ID 22 saved to None
Illegal Parking: ID 22 saved to None
Illegal Parking: ID 22 saved to None
Illegal Parking: ID 22 saved to None
Illegal Parking: ID 22 saved to None
Illegal Parking: ID 22 saved to None
Illegal Parking: ID 22 saved to None
Illegal Parking: ID 22 saved to None
Illegal Parking: ID 22 saved to None
Illegal Parking: ID 22 saved to None
Illegal Parking: ID 22 saved to None
Illegal Parking: ID 22 saved to None
Illegal Parking: ID 22 saved to None
Illegal Parking: ID 22 saved to None
Illegal Parking: ID 22 saved to None
Illegal Parking: ID 22 saved to None
Illegal Parking: ID 22 saved to None
Illegal Parking: ID 22 saved to None
Vehicle counted: car (ID: 45) - Total: 5
Illegal Parking: ID 22 saved to None
Illegal Parking: ID 22 saved to None
Illegal Parking: ID 22 saved to None
Illegal Parking: ID 22 saved to None
Illegal Parking: ID 22 saved to None
Illegal Parking: ID 22 saved to None
Illegal Parking: ID 22 saved to None
Illegal Parking: ID 22 saved to None
Illegal Parking: ID 22 saved to None
Illegal Parking: ID 22 saved to None
Illegal Parking: ID 22 saved to None
Illegal Parking: ID 22 saved to None
Illegal Parking: ID 45 saved to None
Illegal Parking: ID 37 saved to None
Illegal Parking: ID 47 saved to None
Illegal Parking: ID 64 saved to None
Illegal Parking: ID 65 saved to None
Illegal Parking: ID 60 saved to None
Illegal Parking: ID 66 saved to None
Illegal Parking: ID 22 saved to None
Illegal Parking: ID 37 saved to None
Illegal Parking: ID 47 saved to None
Illegal Parking: ID 64 saved to None
Illegal Parking: ID 65 saved to None
Illegal Parking: ID 60 saved to None
Illegal Parking: ID 66 saved to None
Illegal Parking: ID 22 saved to None
Illegal Parking: ID 37 saved to None
Illegal Parking: ID 47 saved to None
Illegal Parking: ID 64 saved to None
Illegal Parking: ID 65 saved to None
Illegal Parking: ID 60 saved to None
Illegal Parking: ID 66 saved to None
Illegal Parking: ID 37 saved to None
Illegal Parking: ID 47 saved to None
Illegal Parking: ID 64 saved to None
Illegal Parking: ID 65 saved to None
Illegal Parking: ID 60 saved to None
Illegal Parking: ID 66 saved to None
Illegal Parking: ID 37 saved to None
Illegal Parking: ID 47 saved to None
Illegal Parking: ID 64 saved to None
Illegal Parking: ID 60 saved to None
Illegal Parking: ID 66 saved to None
Illegal Parking: ID 37 saved to None
Illegal Parking: ID 47 saved to None
Illegal Parking: ID 64 saved to None
Illegal Parking: ID 60 saved to None
Illegal Parking: ID 66 saved to None
Illegal Parking: ID 37 saved to None
Illegal Parking: ID 47 saved to None
Illegal Parking: ID 64 saved to None
Illegal Parking: ID 60 saved to None
Illegal Parking: ID 66 saved to None
Illegal Parking: ID 37 saved to None
Illegal Parking: ID 47 saved to None
Illegal Parking: ID 64 saved to None
Illegal Parking: ID 60 saved to None
Illegal Parking: ID 66 saved to None
Illegal Parking: ID 37 saved to None
Illegal Parking: ID 47 saved to None
Illegal Parking: ID 64 saved to None
Illegal Parking: ID 60 saved to None
Illegal Parking: ID 66 saved to None
Illegal Parking: ID 37 saved to None
Illegal Parking: ID 47 saved to None
Illegal Parking: ID 64 saved to None
Illegal Parking: ID 60 saved to None
Illegal Parking: ID 66 saved to None
Illegal Parking: ID 37 saved to None
Illegal Parking: ID 47 saved to None
Illegal Parking: ID 64 saved to None
Illegal Parking: ID 60 saved to None
Illegal Parking: ID 66 saved to None
Illegal Parking: ID 37 saved to None
Illegal Parking: ID 47 saved to None
Illegal Parking: ID 64 saved to None
Illegal Parking: ID 60 saved to None
Illegal Parking: ID 66 saved to None
Illegal Parking: ID 37 saved to None
Illegal Parking: ID 47 saved to None
Illegal Parking: ID 60 saved to None
Illegal Parking: ID 66 saved to None
Illegal Parking: ID 37 saved to None
Illegal Parking: ID 47 saved to None
Illegal Parking: ID 60 saved to None
Illegal Parking: ID 66 saved to None
Illegal Parking: ID 37 saved to None
Illegal Parking: ID 47 saved to None
Illegal Parking: ID 60 saved to None
Illegal Parking: ID 66 saved to None
Illegal Parking: ID 37 saved to None
Illegal Parking: ID 47 saved to None
Illegal Parking: ID 60 saved to None
Illegal Parking: ID 66 saved to None
Illegal Parking: ID 37 saved to None
Illegal Parking: ID 47 saved to None
Illegal Parking: ID 60 saved to None
Illegal Parking: ID 66 saved to None
Illegal Parking: ID 37 saved to None
Illegal Parking: ID 47 saved to None
Illegal Parking: ID 60 saved to None
Illegal Parking: ID 66 saved to None
Illegal Parking: ID 37 saved to None
Illegal Parking: ID 47 saved to None
Illegal Parking: ID 60 saved to None
Illegal Parking: ID 66 saved to None
Illegal Parking: ID 37 saved to None
Illegal Parking: ID 47 saved to None
Illegal Parking: ID 60 saved to None
Illegal Parking: ID 66 saved to None
Illegal Parking: ID 37 saved to None
Illegal Parking: ID 47 saved to None
Illegal Parking: ID 60 saved to None
Illegal Parking: ID 66 saved to None
Illegal Parking: ID 37 saved to None
Illegal Parking: ID 47 saved to None
Illegal Parking: ID 60 saved to None
Illegal Parking: ID 66 saved to None
Illegal Parking: ID 37 saved to None
Illegal Parking: ID 47 saved to None
Illegal Parking: ID 60 saved to None
Illegal Parking: ID 66 saved to None
Illegal Parking: ID 37 saved to None
Illegal Parking: ID 47 saved to None
Illegal Parking: ID 60 saved to None
Illegal Parking: ID 66 saved to None
Illegal Parking: ID 37 saved to None
Illegal Parking: ID 47 saved to None
Illegal Parking: ID 60 saved to None
Illegal Parking: ID 66 saved to None
Illegal Parking: ID 37 saved to None
Illegal Parking: ID 47 saved to None
Illegal Parking: ID 60 saved to None
Illegal Parking: ID 66 saved to None
Illegal Parking: ID 47 saved to None
Illegal Parking: ID 60 saved to None
Illegal Parking: ID 66 saved to None
Illegal Parking: ID 47 saved to None
Illegal Parking: ID 60 saved to None
Illegal Parking: ID 66 saved to None
Illegal Parking: ID 47 saved to None
Illegal Parking: ID 60 saved to None
Illegal Parking: ID 66 saved to None
Illegal Parking: ID 47 saved to None
Illegal Parking: ID 60 saved to None
Illegal Parking: ID 66 saved to None
Illegal Parking: ID 47 saved to None
Illegal Parking: ID 60 saved to None
Illegal Parking: ID 66 saved to None
Illegal Parking: ID 47 saved to None
Illegal Parking: ID 60 saved to None
Illegal Parking: ID 66 saved to None
Illegal Parking: ID 47 saved to None
Illegal Parking: ID 60 saved to None
Illegal Parking: ID 66 saved to None
Illegal Parking: ID 47 saved to None
Illegal Parking: ID 60 saved to None
Illegal Parking: ID 66 saved to None
Illegal Parking: ID 47 saved to None
Illegal Parking: ID 60 saved to None
Illegal Parking: ID 66 saved to None
Illegal Parking: ID 47 saved to None
Illegal Parking: ID 60 saved to None
Illegal Parking: ID 66 saved to None
Illegal Parking: ID 47 saved to None
Illegal Parking: ID 60 saved to None
Illegal Parking: ID 66 saved to None
Illegal Parking: ID 47 saved to None
Illegal Parking: ID 60 saved to None
Illegal Parking: ID 66 saved to None
Illegal Parking: ID 47 saved to None
Illegal Parking: ID 60 saved to None
Illegal Parking: ID 66 saved to None
Illegal Parking: ID 47 saved to None
Illegal Parking: ID 60 saved to None
Illegal Parking: ID 66 saved to None
Illegal Parking: ID 47 saved to None
Illegal Parking: ID 60 saved to None
Illegal Parking: ID 66 saved to None
Illegal Parking: ID 47 saved to None
Illegal Parking: ID 60 saved to None
Illegal Parking: ID 66 saved to None
Illegal Parking: ID 47 saved to None
Illegal Parking: ID 60 saved to None
Illegal Parking: ID 66 saved to None
Illegal Parking: ID 47 saved to None
Illegal Parking: ID 60 saved to None
Illegal Parking: ID 66 saved to None
Illegal Parking: ID 47 saved to None
Illegal Parking: ID 60 saved to None
Illegal Parking: ID 66 saved to None
Illegal Parking: ID 47 saved to None
Illegal Parking: ID 60 saved to None
Illegal Parking: ID 66 saved to None
Illegal Parking: ID 47 saved to None
Illegal Parking: ID 66 saved to None
Illegal Parking: ID 47 saved to None
Illegal Parking: ID 66 saved to None
Illegal Parking: ID 47 saved to None
Illegal Parking: ID 66 saved to None
Illegal Parking: ID 47 saved to None
Illegal Parking: ID 66 saved to None
Illegal Parking: ID 47 saved to None
Illegal Parking: ID 66 saved to None
Illegal Parking: ID 47 saved to None
Illegal Parking: ID 66 saved to None
Illegal Parking: ID 47 saved to None
Illegal Parking: ID 66 saved to None
Illegal Parking: ID 47 saved to None
Illegal Parking: ID 66 saved to None
Illegal Parking: ID 47 saved to None
Illegal Parking: ID 66 saved to None
Illegal Parking: ID 47 saved to None
Illegal Parking: ID 66 saved to None
Illegal Parking: ID 47 saved to None
Illegal Parking: ID 66 saved to None
Illegal Parking: ID 47 saved to None
Illegal Parking: ID 66 saved to None
Illegal Parking: ID 47 saved to None
Illegal Parking: ID 66 saved to None
Illegal Parking: ID 47 saved to None
Illegal Parking: ID 66 saved to None
Illegal Parking: ID 47 saved to None
Illegal Parking: ID 66 saved to None
Illegal Parking: ID 47 saved to None
Illegal Parking: ID 66 saved to None
Illegal Parking: ID 66 saved to None
Illegal Parking: ID 66 saved to None
Illegal Parking: ID 66 saved to None
Illegal Parking: ID 66 saved to None
Illegal Parking: ID 66 saved to None
Illegal Parking: ID 66 saved to None
Illegal Parking: ID 66 saved to None
Illegal Parking: ID 66 saved to None
Illegal Parking: ID 66 saved to None
Illegal Parking: ID 66 saved to None
Illegal Parking: ID 66 saved to None
Illegal Parking: ID 66 saved to None
Illegal Parking: ID 66 saved to None
Illegal Parking: ID 66 saved to None
Illegal Parking: ID 66 saved to None
Illegal Parking: ID 66 saved to None
Illegal Parking: ID 65 saved to None
Illegal Parking: ID 66 saved to None
Illegal Parking: ID 66 saved to None
Illegal Parking: ID 66 saved to None
Illegal Parking: ID 66 saved to None
Illegal Parking: ID 66 saved to None
Illegal Parking: ID 66 saved to None
Illegal Parking: ID 66 saved to None
Illegal Parking: ID 66 saved to None
Illegal Parking: ID 66 saved to None
Illegal Parking: ID 66 saved to None
Illegal Parking: ID 66 saved to None
Illegal Parking: ID 66 saved to None
Illegal Parking: ID 66 saved to None
Illegal Parking: ID 66 saved to None
Illegal Parking: ID 66 saved to None
Illegal Parking: ID 66 saved to None
Illegal Parking: ID 66 saved to None
Illegal Parking: ID 66 saved to None
Illegal Parking: ID 66 saved to None
Illegal Parking: ID 66 saved to None
Illegal Parking: ID 66 saved to None
Illegal Parking: ID 66 saved to None
Illegal Parking: ID 66 saved to None
Vehicle counted: car (ID: 74) - Total: 6

Final count: 6 vehicles
✅ Violations saved to violations.csv
Output saved to: ./videos/output/output.mp4
